로그 수: 5000

최다호출 APIKEY

{fwji=453, null=152, dcj8=482, e3ea=500, tr8j=481, 23jf=494, anw1=482, wejf=480, jg9k=487, 2jdc=502, fqwk=487}

상태코드 별 횟수

10 : 152
200 : 4747
404 : 101

상위 3개의 API ServiceID와 각각의 요청 수

{news=834, null=101, image=795, book=790, vclip=818, blog=826, knowledge=836}
blog : 
vdip : 
image : 

피크 시간대

{2009-06-10 08:30=93, 2009-06-10 08:33=60, 2009-06-10 09:02=25, 2009-06-10 08:34=61, 2009-06-10 09:01=17, 2009-06-10 08:31=28, 2009-06-10 09:00=13, 2009-06-10 08:32=60, 2009-06-10 08:37=15, 2009-06-10 09:06=25, 2009-06-10 08:38=15, 2009-06-10 09:05=25, 2009-06-10 08:35=60, 2009-06-10 09:04=25, 2009-06-10 08:36=39, 2009-06-10 09:03=25, 2009-06-10 09:09=25, 2009-06-10 08:39=15, 2009-06-10 09:08=25, 2009-06-10 09:07=25, 2009-06-10 08:22=60, 2009-06-10 08:23=60, 2009-06-10 08:20=60, 2009-06-10 08:21=61, 2009-06-10 08:26=47, 2009-06-10 08:27=60, 2009-06-10 08:24=61, 2009-06-10 08:25=73, 2009-06-10 08:28=89, 2009-06-10 08:29=32, 2009-06-10 10:09=35, 2009-06-10 08:51=15, 2009-06-10 09:20=25, 2009-06-10 10:06=41, 2009-06-10 08:52=15, 2009-06-10 10:05=41, 2009-06-10 10:08=30, 2009-06-10 08:50=15, 2009-06-10 10:07=52, 2009-06-10 08:55=15, 2009-06-10 09:24=25, 2009-06-10 08:56=15, 2009-06-10 09:23=25, 2009-06-10 08:53=15, 2009-06-10 09:22=25, 2009-06-10 08:54=15, 2009-06-10 09:21=25, 2009-06-10 08:59=15, 2009-06-10 09:28=25, 2009-06-10 09:27=25, 2009-06-10 08:57=15, 2009-06-10 09:26=25, 2009-06-10 10:11=13, 2009-06-10 08:58=15, 2009-06-10 09:25=25, 2009-06-10 10:10=47, 2009-06-10 09:29=25, 2009-06-10 08:40=15, 2009-06-10 08:41=15, 2009-06-10 08:44=15, 2009-06-10 09:13=25, 2009-06-10 10:02=57, 2009-06-10 08:45=15, 2009-06-10 09:12=26, 2009-06-10 10:01=30, 2009-06-10 08:42=15, 2009-06-10 09:11=25, 2009-06-10 10:04=41, 2009-06-10 08:43=15, 2009-06-10 09:10=25, 2009-06-10 10:03=41, 2009-06-10 08:48=15, 2009-06-10 09:17=25, 2009-06-10 08:49=15, 2009-06-10 09:16=25, 2009-06-10 08:46=15, 2009-06-10 09:15=25, 2009-06-10 10:00=30, 2009-06-10 08:47=15, 2009-06-10 09:14=25, 2009-06-10 09:19=25, 2009-06-10 09:18=25, 2009-06-10 09:42=20, 2009-06-10 09:41=21, 2009-06-10 09:40=21, 2009-06-10 09:46=21, 2009-06-10 09:45=20, 2009-06-10 09:44=21, 2009-06-10 09:43=21, 2009-06-10 09:49=76, 2009-06-10 09:48=20, 2009-06-10 09:47=21, 2009-06-10 09:31=26, 2009-06-10 09:30=25, 2009-06-10 09:35=60, 2009-06-10 09:34=60, 2009-06-10 09:33=59, 2009-06-10 09:32=59, 2009-06-10 09:39=24, 2009-06-10 09:38=60, 2009-06-10 09:37=59, 2009-06-10 09:36=60, 2009-06-10 08:11=61, 2009-06-10 08:12=60, 2009-06-10 08:10=60, 2009-06-10 08:15=60, 2009-06-10 08:16=60, 2009-06-10 08:13=60, 2009-06-10 08:14=61, 2009-06-10 08:19=60, 2009-06-10 08:17=60, 2009-06-10 08:18=61, 2009-06-10 09:53=13, 2009-06-10 09:52=197, 2009-06-10 09:51=76, 2009-06-10 09:50=92, 2009-06-10 08:00=60, 2009-06-10 09:57=16, 2009-06-10 08:01=61, 2009-06-10 09:54=1, 2009-06-10 08:04=61, 2009-06-10 08:05=60, 2009-06-10 08:02=60, 2009-06-10 09:59=47, 2009-06-10 08:03=60, 2009-06-10 09:58=60, 2009-06-10 08:08=61, 2009-06-10 08:09=60, 2009-06-10 08:06=60, 2009-06-10 08:07=60}웹 브라우저 별 사용비율

{Safari=102, Chrome=139, IE=4267, Opera=155, Firefox=337}
IE : 
Firefox : 
Safari : 
Chrome : 
Opera : 

